<?xml version="1.0" encoding="UTF-8"?>
<testsuite xmlns:xsi="http://www.w3.org/2001/XMLSchema-instance" xsi:noNamespaceSchemaLocation="https://maven.apache.org/surefire/maven-surefire-plugin/xsd/surefire-test-report-3.0.xsd" version="3.0" name="TestSuite" time="89.117" tests="5" errors="0" skipped="0" failures="0">
  <properties>
    <property name="sun.desktop" value="windows"/>
    <property name="awt.toolkit" value="sun.awt.windows.WToolkit"/>
    <property name="file.encoding.pkg" value="sun.io"/>
    <property name="java.specification.version" value="1.8"/>
    <property name="sun.cpu.isalist" value="amd64"/>
    <property name="sun.jnu.encoding" value="Cp1252"/>
    <property name="java.class.path" value="C:\Users\PavleD\eclipse-workspace\Symphony\target\test-classes;C:\Users\PavleD\eclipse-workspace\Symphony\target\classes;C:\Users\PavleD\.m2\repository\junit\junit\4.8.1\junit-4.8.1.jar;C:\Users\PavleD\.m2\repository\org\seleniumhq\selenium\selenium-chrome-driver\3.141.59\selenium-chrome-driver-3.141.59.jar;C:\Users\PavleD\.m2\repository\org\seleniumhq\selenium\selenium-api\3.141.59\selenium-api-3.141.59.jar;C:\Users\PavleD\.m2\repository\org\seleniumhq\selenium\selenium-remote-driver\3.141.59\selenium-remote-driver-3.141.59.jar;C:\Users\PavleD\.m2\repository\net\bytebuddy\byte-buddy\1.8.15\byte-buddy-1.8.15.jar;C:\Users\PavleD\.m2\repository\org\apache\commons\commons-exec\1.3\commons-exec-1.3.jar;C:\Users\PavleD\.m2\repository\com\google\guava\guava\25.0-jre\guava-25.0-jre.jar;C:\Users\PavleD\.m2\repository\com\google\code\findbugs\jsr305\1.3.9\jsr305-1.3.9.jar;C:\Users\PavleD\.m2\repository\org\checkerframework\checker-compat-qual\2.0.0\checker-compat-qual-2.0.0.jar;C:\Users\PavleD\.m2\repository\com\google\errorprone\error_prone_annotations\2.1.3\error_prone_annotations-2.1.3.jar;C:\Users\PavleD\.m2\repository\com\google\j2objc\j2objc-annotations\1.1\j2objc-annotations-1.1.jar;C:\Users\PavleD\.m2\repository\org\codehaus\mojo\animal-sniffer-annotations\1.14\animal-sniffer-annotations-1.14.jar;C:\Users\PavleD\.m2\repository\com\squareup\okhttp3\okhttp\3.11.0\okhttp-3.11.0.jar;C:\Users\PavleD\.m2\repository\com\squareup\okio\okio\1.14.0\okio-1.14.0.jar;C:\Users\PavleD\.m2\repository\com\apple\AppleJavaExtensions\1.4\AppleJavaExtensions-1.4.jar;C:\Users\PavleD\.m2\repository\org\junit\jupiter\junit-jupiter-engine\5.3.2\junit-jupiter-engine-5.3.2.jar;C:\Users\PavleD\.m2\repository\org\apiguardian\apiguardian-api\1.0.0\apiguardian-api-1.0.0.jar;C:\Users\PavleD\.m2\repository\org\junit\platform\junit-platform-engine\1.3.2\junit-platform-engine-1.3.2.jar;C:\Users\PavleD\.m2\repository\org\junit\jupiter\junit-jupiter-api\5.3.1\junit-jupiter-api-5.3.1.jar;C:\Users\PavleD\.m2\repository\org\opentest4j\opentest4j\1.1.1\opentest4j-1.1.1.jar;C:\Users\PavleD\.m2\repository\org\junit\platform\junit-platform-commons\1.3.1\junit-platform-commons-1.3.1.jar;C:\Users\PavleD\.m2\repository\org\seleniumhq\selenium\selenium-server\3.0.1\selenium-server-3.0.1.jar;C:\Users\PavleD\.m2\repository\com\beust\jcommander\1.48\jcommander-1.48.jar;C:\Users\PavleD\.m2\repository\net\jcip\jcip-annotations\1.0\jcip-annotations-1.0.jar;C:\Users\PavleD\.m2\repository\org\seleniumhq\selenium\jetty-repacked\9.2.13.v20160825\jetty-repacked-9.2.13.v20160825.jar;C:\Users\PavleD\.m2\repository\javax\servlet\javax.servlet-api\3.1.0\javax.servlet-api-3.1.0.jar;C:\Users\PavleD\.m2\repository\org\seleniumhq\selenium\htmlunit-driver\2.23\htmlunit-driver-2.23.jar;C:\Users\PavleD\.m2\repository\net\sourceforge\htmlunit\htmlunit\2.23\htmlunit-2.23.jar;C:\Users\PavleD\.m2\repository\xalan\xalan\2.7.2\xalan-2.7.2.jar;C:\Users\PavleD\.m2\repository\xalan\serializer\2.7.2\serializer-2.7.2.jar;C:\Users\PavleD\.m2\repository\org\apache\commons\commons-lang3\3.4\commons-lang3-3.4.jar;C:\Users\PavleD\.m2\repository\org\apache\httpcomponents\httpclient\4.5.2\httpclient-4.5.2.jar;C:\Users\PavleD\.m2\repository\org\apache\httpcomponents\httpcore\4.4.4\httpcore-4.4.4.jar;C:\Users\PavleD\.m2\repository\org\apache\httpcomponents\httpmime\4.5.2\httpmime-4.5.2.jar;C:\Users\PavleD\.m2\repository\net\sourceforge\htmlunit\htmlunit-core-js\2.23\htmlunit-core-js-2.23.jar;C:\Users\PavleD\.m2\repository\net\sourceforge\htmlunit\neko-htmlunit\2.23\neko-htmlunit-2.23.jar;C:\Users\PavleD\.m2\repository\xerces\xercesImpl\2.11.0\xercesImpl-2.11.0.jar;C:\Users\PavleD\.m2\repository\xml-apis\xml-apis\1.4.01\xml-apis-1.4.01.jar;C:\Users\PavleD\.m2\repository\net\sourceforge\cssparser\cssparser\0.9.20\cssparser-0.9.20.jar;C:\Users\PavleD\.m2\repository\org\w3c\css\sac\1.3\sac-1.3.jar;C:\Users\PavleD\.m2\repository\commons-logging\commons-logging\1.2\commons-logging-1.2.jar;C:\Users\PavleD\.m2\repository\org\yaml\snakeyaml\1.15\snakeyaml-1.15.jar;C:\Users\PavleD\.m2\repository\org\seleniumhq\selenium\selenium-java\3.141.59\selenium-java-3.141.59.jar;C:\Users\PavleD\.m2\repository\org\seleniumhq\selenium\selenium-edge-driver\3.141.59\selenium-edge-driver-3.141.59.jar;C:\Users\PavleD\.m2\repository\org\seleniumhq\selenium\selenium-firefox-driver\3.141.59\selenium-firefox-driver-3.141.59.jar;C:\Users\PavleD\.m2\repository\org\seleniumhq\selenium\selenium-ie-driver\3.141.59\selenium-ie-driver-3.141.59.jar;C:\Users\PavleD\.m2\repository\org\seleniumhq\selenium\selenium-opera-driver\3.141.59\selenium-opera-driver-3.141.59.jar;C:\Users\PavleD\.m2\repository\org\seleniumhq\selenium\selenium-safari-driver\3.141.59\selenium-safari-driver-3.141.59.jar;C:\Users\PavleD\.m2\repository\org\seleniumhq\selenium\selenium-support\3.141.59\selenium-support-3.141.59.jar;C:\Users\PavleD\.m2\repository\org\apache\logging\log4j\log4j-core\2.11.1\log4j-core-2.11.1.jar;C:\Users\PavleD\.m2\repository\org\apache\logging\log4j\log4j-api\2.11.1\log4j-api-2.11.1.jar;C:\Users\PavleD\.m2\repository\commons-io\commons-io\2.6\commons-io-2.6.jar;C:\Users\PavleD\.m2\repository\org\testng\testng\6.14.3\testng-6.14.3.jar;C:\Users\PavleD\.m2\repository\org\apache-extras\beanshell\bsh\2.0b6\bsh-2.0b6.jar;C:\Users\PavleD\.m2\repository\org\apache\poi\poi\4.0.1\poi-4.0.1.jar;C:\Users\PavleD\.m2\repository\commons-codec\commons-codec\1.11\commons-codec-1.11.jar;C:\Users\PavleD\.m2\repository\org\apache\commons\commons-collections4\4.2\commons-collections4-4.2.jar;C:\Users\PavleD\.m2\repository\org\apache\commons\commons-math3\3.6.1\commons-math3-3.6.1.jar;C:\Users\PavleD\.m2\repository\org\apache\poi\poi-ooxml\4.0.1\poi-ooxml-4.0.1.jar;C:\Users\PavleD\.m2\repository\org\apache\poi\poi-ooxml-schemas\4.0.1\poi-ooxml-schemas-4.0.1.jar;C:\Users\PavleD\.m2\repository\org\apache\xmlbeans\xmlbeans\3.0.2\xmlbeans-3.0.2.jar;C:\Users\PavleD\.m2\repository\org\apache\commons\commons-compress\1.18\commons-compress-1.18.jar;C:\Users\PavleD\.m2\repository\com\github\virtuald\curvesapi\1.05\curvesapi-1.05.jar;"/>
    <property name="java.vm.vendor" value="Oracle Corporation"/>
    <property name="sun.arch.data.model" value="64"/>
    <property name="user.variant" value=""/>
    <property name="java.vendor.url" value="http://java.oracle.com/"/>
    <property name="user.timezone" value="Europe/Berlin"/>
    <property name="java.vm.specification.version" value="1.8"/>
    <property name="os.name" value="Windows 10"/>
    <property name="user.country" value="US"/>
    <property name="sun.java.launcher" value="SUN_STANDARD"/>
    <property name="sun.boot.library.path" value="C:\Program Files\Java\jdk1.8.0_201\jre\bin"/>
    <property name="sun.java.command" value="C:\Users\PavleD\AppData\Local\Temp\surefire5870481494069157600\surefirebooter8748162175239823275.jar C:\Users\PavleD\AppData\Local\Temp\surefire5870481494069157600 2019-09-22T20-41-55_524-jvmRun1 surefire6073316683269824883tmp surefire_02483300059386854334tmp"/>
    <property name="surefire.test.class.path" value="C:\Users\PavleD\eclipse-workspace\Symphony\target\test-classes;C:\Users\PavleD\eclipse-workspace\Symphony\target\classes;C:\Users\PavleD\.m2\repository\junit\junit\4.8.1\junit-4.8.1.jar;C:\Users\PavleD\.m2\repository\org\seleniumhq\selenium\selenium-chrome-driver\3.141.59\selenium-chrome-driver-3.141.59.jar;C:\Users\PavleD\.m2\repository\org\seleniumhq\selenium\selenium-api\3.141.59\selenium-api-3.141.59.jar;C:\Users\PavleD\.m2\repository\org\seleniumhq\selenium\selenium-remote-driver\3.141.59\selenium-remote-driver-3.141.59.jar;C:\Users\PavleD\.m2\repository\net\bytebuddy\byte-buddy\1.8.15\byte-buddy-1.8.15.jar;C:\Users\PavleD\.m2\repository\org\apache\commons\commons-exec\1.3\commons-exec-1.3.jar;C:\Users\PavleD\.m2\repository\com\google\guava\guava\25.0-jre\guava-25.0-jre.jar;C:\Users\PavleD\.m2\repository\com\google\code\findbugs\jsr305\1.3.9\jsr305-1.3.9.jar;C:\Users\PavleD\.m2\repository\org\checkerframework\checker-compat-qual\2.0.0\checker-compat-qual-2.0.0.jar;C:\Users\PavleD\.m2\repository\com\google\errorprone\error_prone_annotations\2.1.3\error_prone_annotations-2.1.3.jar;C:\Users\PavleD\.m2\repository\com\google\j2objc\j2objc-annotations\1.1\j2objc-annotations-1.1.jar;C:\Users\PavleD\.m2\repository\org\codehaus\mojo\animal-sniffer-annotations\1.14\animal-sniffer-annotations-1.14.jar;C:\Users\PavleD\.m2\repository\com\squareup\okhttp3\okhttp\3.11.0\okhttp-3.11.0.jar;C:\Users\PavleD\.m2\repository\com\squareup\okio\okio\1.14.0\okio-1.14.0.jar;C:\Users\PavleD\.m2\repository\com\apple\AppleJavaExtensions\1.4\AppleJavaExtensions-1.4.jar;C:\Users\PavleD\.m2\repository\org\junit\jupiter\junit-jupiter-engine\5.3.2\junit-jupiter-engine-5.3.2.jar;C:\Users\PavleD\.m2\repository\org\apiguardian\apiguardian-api\1.0.0\apiguardian-api-1.0.0.jar;C:\Users\PavleD\.m2\repository\org\junit\platform\junit-platform-engine\1.3.2\junit-platform-engine-1.3.2.jar;C:\Users\PavleD\.m2\repository\org\junit\jupiter\junit-jupiter-api\5.3.1\junit-jupiter-api-5.3.1.jar;C:\Users\PavleD\.m2\repository\org\opentest4j\opentest4j\1.1.1\opentest4j-1.1.1.jar;C:\Users\PavleD\.m2\repository\org\junit\platform\junit-platform-commons\1.3.1\junit-platform-commons-1.3.1.jar;C:\Users\PavleD\.m2\repository\org\seleniumhq\selenium\selenium-server\3.0.1\selenium-server-3.0.1.jar;C:\Users\PavleD\.m2\repository\com\beust\jcommander\1.48\jcommander-1.48.jar;C:\Users\PavleD\.m2\repository\net\jcip\jcip-annotations\1.0\jcip-annotations-1.0.jar;C:\Users\PavleD\.m2\repository\org\seleniumhq\selenium\jetty-repacked\9.2.13.v20160825\jetty-repacked-9.2.13.v20160825.jar;C:\Users\PavleD\.m2\repository\javax\servlet\javax.servlet-api\3.1.0\javax.servlet-api-3.1.0.jar;C:\Users\PavleD\.m2\repository\org\seleniumhq\selenium\htmlunit-driver\2.23\htmlunit-driver-2.23.jar;C:\Users\PavleD\.m2\repository\net\sourceforge\htmlunit\htmlunit\2.23\htmlunit-2.23.jar;C:\Users\PavleD\.m2\repository\xalan\xalan\2.7.2\xalan-2.7.2.jar;C:\Users\PavleD\.m2\repository\xalan\serializer\2.7.2\serializer-2.7.2.jar;C:\Users\PavleD\.m2\repository\org\apache\commons\commons-lang3\3.4\commons-lang3-3.4.jar;C:\Users\PavleD\.m2\repository\org\apache\httpcomponents\httpclient\4.5.2\httpclient-4.5.2.jar;C:\Users\PavleD\.m2\repository\org\apache\httpcomponents\httpcore\4.4.4\httpcore-4.4.4.jar;C:\Users\PavleD\.m2\repository\org\apache\httpcomponents\httpmime\4.5.2\httpmime-4.5.2.jar;C:\Users\PavleD\.m2\repository\net\sourceforge\htmlunit\htmlunit-core-js\2.23\htmlunit-core-js-2.23.jar;C:\Users\PavleD\.m2\repository\net\sourceforge\htmlunit\neko-htmlunit\2.23\neko-htmlunit-2.23.jar;C:\Users\PavleD\.m2\repository\xerces\xercesImpl\2.11.0\xercesImpl-2.11.0.jar;C:\Users\PavleD\.m2\repository\xml-apis\xml-apis\1.4.01\xml-apis-1.4.01.jar;C:\Users\PavleD\.m2\repository\net\sourceforge\cssparser\cssparser\0.9.20\cssparser-0.9.20.jar;C:\Users\PavleD\.m2\repository\org\w3c\css\sac\1.3\sac-1.3.jar;C:\Users\PavleD\.m2\repository\commons-logging\commons-logging\1.2\commons-logging-1.2.jar;C:\Users\PavleD\.m2\repository\org\yaml\snakeyaml\1.15\snakeyaml-1.15.jar;C:\Users\PavleD\.m2\repository\org\seleniumhq\selenium\selenium-java\3.141.59\selenium-java-3.141.59.jar;C:\Users\PavleD\.m2\repository\org\seleniumhq\selenium\selenium-edge-driver\3.141.59\selenium-edge-driver-3.141.59.jar;C:\Users\PavleD\.m2\repository\org\seleniumhq\selenium\selenium-firefox-driver\3.141.59\selenium-firefox-driver-3.141.59.jar;C:\Users\PavleD\.m2\repository\org\seleniumhq\selenium\selenium-ie-driver\3.141.59\selenium-ie-driver-3.141.59.jar;C:\Users\PavleD\.m2\repository\org\seleniumhq\selenium\selenium-opera-driver\3.141.59\selenium-opera-driver-3.141.59.jar;C:\Users\PavleD\.m2\repository\org\seleniumhq\selenium\selenium-safari-driver\3.141.59\selenium-safari-driver-3.141.59.jar;C:\Users\PavleD\.m2\repository\org\seleniumhq\selenium\selenium-support\3.141.59\selenium-support-3.141.59.jar;C:\Users\PavleD\.m2\repository\org\apache\logging\log4j\log4j-core\2.11.1\log4j-core-2.11.1.jar;C:\Users\PavleD\.m2\repository\org\apache\logging\log4j\log4j-api\2.11.1\log4j-api-2.11.1.jar;C:\Users\PavleD\.m2\repository\commons-io\commons-io\2.6\commons-io-2.6.jar;C:\Users\PavleD\.m2\repository\org\testng\testng\6.14.3\testng-6.14.3.jar;C:\Users\PavleD\.m2\repository\org\apache-extras\beanshell\bsh\2.0b6\bsh-2.0b6.jar;C:\Users\PavleD\.m2\repository\org\apache\poi\poi\4.0.1\poi-4.0.1.jar;C:\Users\PavleD\.m2\repository\commons-codec\commons-codec\1.11\commons-codec-1.11.jar;C:\Users\PavleD\.m2\repository\org\apache\commons\commons-collections4\4.2\commons-collections4-4.2.jar;C:\Users\PavleD\.m2\repository\org\apache\commons\commons-math3\3.6.1\commons-math3-3.6.1.jar;C:\Users\PavleD\.m2\repository\org\apache\poi\poi-ooxml\4.0.1\poi-ooxml-4.0.1.jar;C:\Users\PavleD\.m2\repository\org\apache\poi\poi-ooxml-schemas\4.0.1\poi-ooxml-schemas-4.0.1.jar;C:\Users\PavleD\.m2\repository\org\apache\xmlbeans\xmlbeans\3.0.2\xmlbeans-3.0.2.jar;C:\Users\PavleD\.m2\repository\org\apache\commons\commons-compress\1.18\commons-compress-1.18.jar;C:\Users\PavleD\.m2\repository\com\github\virtuald\curvesapi\1.05\curvesapi-1.05.jar;"/>
    <property name="sun.cpu.endian" value="little"/>
    <property name="user.home" value="C:\Users\PavleD"/>
    <property name="user.language" value="en"/>
    <property name="java.specification.vendor" value="Oracle Corporation"/>
    <property name="java.home" value="C:\Program Files\Java\jdk1.8.0_201\jre"/>
    <property name="basedir" value="C:\Users\PavleD\eclipse-workspace\Symphony"/>
    <property name="file.separator" value="\"/>
    <property name="line.separator" value="&#10;"/>
    <property name="java.vm.specification.vendor" value="Oracle Corporation"/>
    <property name="java.specification.name" value="Java Platform API Specification"/>
    <property name="java.awt.graphicsenv" value="sun.awt.Win32GraphicsEnvironment"/>
    <property name="surefire.real.class.path" value="C:\Users\PavleD\AppData\Local\Temp\surefire5870481494069157600\surefirebooter8748162175239823275.jar"/>
    <property name="sun.boot.class.path" value="C:\Program Files\Java\jdk1.8.0_201\jre\lib\resources.jar;C:\Program Files\Java\jdk1.8.0_201\jre\lib\rt.jar;C:\Program Files\Java\jdk1.8.0_201\jre\lib\sunrsasign.jar;C:\Program Files\Java\jdk1.8.0_201\jre\lib\jsse.jar;C:\Program Files\Java\jdk1.8.0_201\jre\lib\jce.jar;C:\Program Files\Java\jdk1.8.0_201\jre\lib\charsets.jar;C:\Program Files\Java\jdk1.8.0_201\jre\lib\jfr.jar;C:\Program Files\Java\jdk1.8.0_201\jre\classes"/>
    <property name="user.script" value=""/>
    <property name="sun.management.compiler" value="HotSpot 64-Bit Tiered Compilers"/>
    <property name="java.runtime.version" value="1.8.0_201-b09"/>
    <property name="user.name" value="PavleD"/>
    <property name="path.separator" value=";"/>
    <property name="os.version" value="10.0"/>
    <property name="java.endorsed.dirs" value="C:\Program Files\Java\jdk1.8.0_201\jre\lib\endorsed"/>
    <property name="java.runtime.name" value="Java(TM) SE Runtime Environment"/>
    <property name="file.encoding" value="Cp1252"/>
    <property name="java.vm.name" value="Java HotSpot(TM) 64-Bit Server VM"/>
    <property name="localRepository" value="C:\Users\PavleD\.m2\repository"/>
    <property name="java.vendor.url.bug" value="http://bugreport.sun.com/bugreport/"/>
    <property name="java.io.tmpdir" value="C:\Users\PavleD\AppData\Local\Temp\"/>
    <property name="java.version" value="1.8.0_201"/>
    <property name="user.dir" value="C:\Users\PavleD\eclipse-workspace\Symphony"/>
    <property name="os.arch" value="amd64"/>
    <property name="java.vm.specification.name" value="Java Virtual Machine Specification"/>
    <property name="java.awt.printerjob" value="sun.awt.windows.WPrinterJob"/>
    <property name="sun.os.patch.level" value=""/>
    <property name="java.library.path" value="C:\Program Files\Java\jdk1.8.0_201\jre\bin;C:\WINDOWS\Sun\Java\bin;C:\WINDOWS\system32;C:\WINDOWS;C:/Program Files/Java/jre1.8.0_201/bin/server;C:/Program Files/Java/jre1.8.0_201/bin;C:/Program Files/Java/jre1.8.0_201/lib/amd64;C:\Program Files (x86)\Common Files\Oracle\Java\javapath;C:\ProgramData\Oracle\Java\javapath;C:\WINDOWS\system32;C:\WINDOWS;C:\WINDOWS\System32\Wbem;C:\WINDOWS\System32\WindowsPowerShell\v1.0\;C:\Program Files\TortoiseSVN\bin;C:\Users\milicam\AppData\Roaming\nvm;C:\Program Files\nodejs;C:\Program Files (x86)\Jenkins\tools\android-sdk\tools;C:\WINDOWS\System32\OpenSSH\;C:\Program Files\Git\cmd;C:\Program Files\nodejs\;C:\Program Files\Intel\WiFi\bin\;C:\Program Files\Common Files\Intel\WirelessCommon\;C:\Users\PavleD\AppData\Local\Microsoft\WindowsApps;C:\Users\PavleD\AppData\Roaming\npm;C:\Program Files\Intel\WiFi\bin\;C:\Program Files\Common Files\Intel\WirelessCommon\;C:\Users\PavleD\eclipse\java-2018-12\eclipse;;."/>
    <property name="java.vm.info" value="mixed mode"/>
    <property name="java.vendor" value="Oracle Corporation"/>
    <property name="java.vm.version" value="25.201-b09"/>
    <property name="java.ext.dirs" value="C:\Program Files\Java\jdk1.8.0_201\jre\lib\ext;C:\WINDOWS\Sun\Java\lib\ext"/>
    <property name="sun.io.unicode.encoding" value="UnicodeLittle"/>
    <property name="java.class.version" value="52.0"/>
  </properties>
  <testcase name="negativeLoginTest1" classname="com.symphony.test.NegativeLogInTest" time="13.836"/>
  <testcase name="negativeLoginTest1" classname="com.symphony.test.NegativeLogInTest" time="12.637"/>
  <testcase name="createAccountTest" classname="com.symphony.test.CreateAccountTest" time="17.08"/>
  <testcase name="searchTest" classname="com.symphony.test.SearchResultTest" time="9.628"/>
  <testcase name="saveDressesTest" classname="com.symphony.test.SaveDressesTest" time="13.539"/>
</testsuite>