<?xml version="1.0" encoding="UTF-8"?>
<!-- Generated by org.testng.reporters.JUnitReportReporter -->
<testsuite skipped="0" hostname="vwnb0082" name="com.symphony.test.CreateAccount" tests="1" failures="0" timestamp="22 Sep 2019 18:30:30 GMT" time="22.013" errors="0">
  <testcase name="createAccountTest" time="22.013" classname="com.symphony.test.CreateAccount"/>
</testsuite> <!-- com.symphony.test.CreateAccount -->
