<?xml version="1.0" encoding="UTF-8"?>
<!-- Generated by org.testng.reporters.JUnitReportReporter -->
<testsuite skipped="0" hostname="vwnb0082" name="com.symphony.test.NegativeLogInTest" tests="1" failures="0" timestamp="22 Sep 2019 13:56:44 GMT" time="18.601" errors="0">
  <testcase name="negativeLoginTest1" time="18.601" classname="com.symphony.test.NegativeLogInTest"/>
</testsuite> <!-- com.symphony.test.NegativeLogInTest -->
