<?xml version="1.0" encoding="UTF-8"?>
<!-- Generated by org.testng.reporters.JUnitReportReporter -->
<testsuite skipped="0" hostname="vwnb0082" name="com.symphony.test.SaveDressesTest" tests="1" failures="0" timestamp="22 Sep 2019 13:19:37 GMT" time="16.175" errors="0">
  <testcase name="saveDressesTest" time="16.175" classname="com.symphony.test.SaveDressesTest"/>
</testsuite> <!-- com.symphony.test.SaveDressesTest -->
