<?xml version="1.0" encoding="UTF-8"?>
<!-- Generated by org.testng.reporters.JUnitReportReporter -->
<testsuite skipped="0" hostname="vwnb0082" name="com.symphony.test.SearchResultTest" tests="1" failures="0" timestamp="22 Sep 2019 21:54:10 GMT" time="14.172" errors="0">
  <testcase name="searchTest" time="14.172" classname="com.symphony.test.SearchResultTest"/>
</testsuite> <!-- com.symphony.test.SearchResultTest -->
