<?xml version="1.0" encoding="UTF-8"?>
<!-- Generated by org.testng.reporters.JUnitReportReporter -->
<testsuite skipped="0" hostname="vwnb0082" name="com.symphony.test.LogInTest" tests="1" failures="0" timestamp="22 Sep 2019 18:11:12 GMT" time="23.171" errors="0">
  <testcase name="loginTest" time="23.171" classname="com.symphony.test.LogInTest"/>
</testsuite> <!-- com.symphony.test.LogInTest -->
