<?xml version="1.0" encoding="UTF-8"?>
<!-- Generated by org.testng.reporters.JUnitReportReporter -->
<testsuite skipped="0" hostname="vwnb0082" name="com.symphony.test.NegativeLogInTest" tests="2" failures="0" timestamp="22 Sep 2019 18:43:25 GMT" time="37.552" errors="0">
  <testcase name="negativeLoginTest1" time="18.360" classname="com.symphony.test.NegativeLogInTest"/>
  <testcase name="negativeLoginTest1" time="19.192" classname="com.symphony.test.NegativeLogInTest"/>
</testsuite> <!-- com.symphony.test.NegativeLogInTest -->
