<?xml version="1.0" encoding="UTF-8"?>
<!-- Generated by org.testng.reporters.JUnitReportReporter -->
<testsuite skipped="0" hostname="vwnb0082" name="com.symphony.test.CreateAccountTest" tests="1" failures="0" timestamp="22 Sep 2019 18:43:25 GMT" time="20.525" errors="0">
  <testcase name="createAccountTest" time="20.525" classname="com.symphony.test.CreateAccountTest"/>
</testsuite> <!-- com.symphony.test.CreateAccountTest -->
