<?xml version="1.0" encoding="UTF-8"?>
<!-- Generated by org.testng.reporters.JUnitReportReporter -->
<testsuite skipped="0" hostname="vwnb0082" name="com.symphony.test.SearchResultTest" tests="2" failures="0" timestamp="22 Sep 2019 14:32:55 GMT" time="29.697" errors="0">
  <testcase name="searchTest" time="13.021" classname="com.symphony.test.SearchResultTest"/>
  <testcase name="searchTest" time="16.676" classname="com.symphony.test.SearchResultTest"/>
</testsuite> <!-- com.symphony.test.SearchResultTest -->
